<?xml version="1.0" encoding="UTF-8"?>
<testng-results skipped="0" failed="0" ignored="0" total="3" passed="3">
  <reporter-output>
  </reporter-output>
  <suite name="Default suite" duration-ms="397" started-at="2018-12-19T22:24:33Z" finished-at="2018-12-19T22:24:33Z">
    <groups>
    </groups>
    <test name="Default test" duration-ms="397" started-at="2018-12-19T22:24:33Z" finished-at="2018-12-19T22:24:33Z">
      <class name="factory.subsystems.monitoring.MonitoringSystemTest">
        <test-method status="PASS" signature="beforeMethod()[pri:0, instance:factory.subsystems.monitoring.MonitoringSystemTest@675d3402]" name="beforeMethod" is-config="true" duration-ms="329" started-at="2018-12-19T22:24:33Z" finished-at="2018-12-19T22:24:33Z">
          <reporter-output>
          </reporter-output>
        </test-method> <!-- beforeMethod -->
        <test-method status="PASS" signature="handleError()[pri:0, instance:factory.subsystems.monitoring.MonitoringSystemTest@675d3402]" name="handleError" duration-ms="35" started-at="2018-12-19T22:24:33Z" description="verifies if only the correct method of the error handler is called when a error occurs" finished-at="2018-12-19T22:24:33Z">
          <reporter-output>
          </reporter-output>
        </test-method> <!-- handleError -->
        <test-method status="PASS" signature="handleEventCheckThatErrorEventHandlerIsNotUsed()[pri:0, instance:factory.subsystems.monitoring.MonitoringSystemTest@675d3402]" name="handleEventCheckThatErrorEventHandlerIsNotUsed" duration-ms="5" started-at="2018-12-19T22:24:33Z" description="verifies that the error handler is not used when the event is not of type error or global error" finished-at="2018-12-19T22:24:33Z">
          <reporter-output>
          </reporter-output>
        </test-method> <!-- handleEventCheckThatErrorEventHandlerIsNotUsed -->
        <test-method status="PASS" signature="beforeMethod()[pri:0, instance:factory.subsystems.monitoring.MonitoringSystemTest@675d3402]" name="beforeMethod" is-config="true" duration-ms="0" started-at="2018-12-19T22:24:33Z" finished-at="2018-12-19T22:24:33Z">
          <reporter-output>
          </reporter-output>
        </test-method> <!-- beforeMethod -->
        <test-method status="PASS" signature="handleGlobalError()[pri:0, instance:factory.subsystems.monitoring.MonitoringSystemTest@675d3402]" name="handleGlobalError" duration-ms="6" started-at="2018-12-19T22:24:33Z" description="verifies if only the correct method of the error handler is called when a global error occurs" finished-at="2018-12-19T22:24:33Z">
          <reporter-output>
          </reporter-output>
        </test-method> <!-- handleGlobalError -->
        <test-method status="PASS" signature="beforeMethod()[pri:0, instance:factory.subsystems.monitoring.MonitoringSystemTest@675d3402]" name="beforeMethod" is-config="true" duration-ms="0" started-at="2018-12-19T22:24:33Z" finished-at="2018-12-19T22:24:33Z">
          <reporter-output>
          </reporter-output>
        </test-method> <!-- beforeMethod -->
      </class> <!-- factory.subsystems.monitoring.MonitoringSystemTest -->
    </test> <!-- Default test -->
  </suite> <!-- Default suite -->
</testng-results>
