<?xml version="1.0" encoding="UTF-8"?>
<!-- Generated by org.testng.reporters.JUnitXMLReporter -->
<testsuite hostname="DESKTOP-876IUID" ignored="0" name="Default test" tests="3" failures="0" timestamp="19 Dez 2018 22:24:33 GMT" time="0.397" errors="0">
  <testcase name="handleError" time="0.035" classname="factory.subsystems.monitoring.MonitoringSystemTest"/>
  <testcase name="handleEventCheckThatErrorEventHandlerIsNotUsed" time="0.005" classname="factory.subsystems.monitoring.MonitoringSystemTest"/>
  <testcase name="handleGlobalError" time="0.006" classname="factory.subsystems.monitoring.MonitoringSystemTest"/>
</testsuite> <!-- Default test -->
