<?xml version="1.0" encoding="UTF-8"?>
<testng-results skipped="0" failed="0" ignored="0" total="1" passed="1">
  <reporter-output>
  </reporter-output>
  <suite name="Default suite" duration-ms="2058" started-at="2018-08-27T22:05:00Z" finished-at="2018-08-27T22:05:02Z">
    <groups>
    </groups>
    <test name="Default test" duration-ms="2058" started-at="2018-08-27T22:05:00Z" finished-at="2018-08-27T22:05:02Z">
      <class name="database.dao.ContainerDAOTest">
        <test-method status="PASS" signature="setUp()[pri:0, instance:database.dao.ContainerDAOTest@685cb137]" name="setUp" is-config="true" duration-ms="1678" started-at="2018-08-27T22:05:00Z" finished-at="2018-08-27T22:05:01Z">
          <reporter-output>
          </reporter-output>
        </test-method> <!-- setUp -->
        <test-method status="PASS" signature="testCreateAndDelete()[pri:0, instance:database.dao.ContainerDAOTest@685cb137]" name="testCreateAndDelete" duration-ms="362" started-at="2018-08-27T22:05:02Z" finished-at="2018-08-27T22:05:02Z">
          <reporter-output>
          </reporter-output>
        </test-method> <!-- testCreateAndDelete -->
        <test-method status="PASS" signature="tearDown()[pri:0, instance:database.dao.ContainerDAOTest@685cb137]" name="tearDown" is-config="true" duration-ms="1" started-at="2018-08-27T22:05:02Z" finished-at="2018-08-27T22:05:02Z">
          <reporter-output>
          </reporter-output>
        </test-method> <!-- tearDown -->
      </class> <!-- database.dao.ContainerDAOTest -->
    </test> <!-- Default test -->
  </suite> <!-- Default suite -->
</testng-results>
