<?xml version="1.0" encoding="UTF-8"?>
<testng-results skipped="0" failed="0" ignored="0" total="1" passed="1">
  <reporter-output>
  </reporter-output>
  <suite name="Default suite" duration-ms="1918" started-at="2018-08-27T20:49:06Z" finished-at="2018-08-27T20:49:08Z">
    <groups>
    </groups>
    <test name="Default test" duration-ms="1918" started-at="2018-08-27T20:49:06Z" finished-at="2018-08-27T20:49:08Z">
      <class name="database.dao.ContainerDAOTest">
        <test-method status="PASS" signature="setUp()[pri:0, instance:database.dao.ContainerDAOTest@685cb137]" name="setUp" is-config="true" duration-ms="1609" started-at="2018-08-27T20:49:06Z" finished-at="2018-08-27T20:49:08Z">
          <reporter-output>
          </reporter-output>
        </test-method> <!-- setUp -->
        <test-method status="PASS" signature="testCreateAndDelete()[pri:0, instance:database.dao.ContainerDAOTest@685cb137]" name="testCreateAndDelete" duration-ms="295" started-at="2018-08-27T20:49:08Z" finished-at="2018-08-27T20:49:08Z">
          <reporter-output>
          </reporter-output>
        </test-method> <!-- testCreateAndDelete -->
        <test-method status="PASS" signature="tearDown()[pri:0, instance:database.dao.ContainerDAOTest@685cb137]" name="tearDown" is-config="true" duration-ms="0" started-at="2018-08-27T20:49:08Z" finished-at="2018-08-27T20:49:08Z">
          <reporter-output>
          </reporter-output>
        </test-method> <!-- tearDown -->
      </class> <!-- database.dao.ContainerDAOTest -->
    </test> <!-- Default test -->
  </suite> <!-- Default suite -->
</testng-results>
